# JRE version: Java(TM) SE Runtime Environment (8.0_371) (build 1.8.0_371-b11)
# Java VM: Java HotSpot(TM) 64-Bit Server VM (25.371-b11 mixed mode windows-amd64 compressed oops)
Heap:
 PSYoungGen      total 159232K, used 44743K [0x00000000f5580000, 0x0000000100000000, 0x0000000100000000)
  eden space 143872K, 20% used [0x00000000f5580000,0x00000000f7239628,0x00000000fe200000)
  from space 15360K, 99% used [0x00000000fe200000,0x00000000ff0f8708,0x00000000ff100000)
  to   space 15360K, 0% used [0x00000000ff100000,0x00000000ff100000,0x0000000100000000)
 ParOldGen       total 175104K, used 20931K [0x00000000e0000000, 0x00000000eab00000, 0x00000000f5580000)
  object space 175104K, 11% used [0x00000000e0000000,0x00000000e1470fd0,0x00000000eab00000)
 Metaspace       used 52729K, capacity 57402K, committed 57600K, reserved 1097728K
  class space    used 7655K, capacity 8390K, committed 8448K, reserved 1048576K
GC Heap History (10 events):
Event: 7.014 GC heap before
{Heap before GC invocations=7 (full 1):
 PSYoungGen      total 141824K, used 38361K [0x00000000f5580000, 0x0000000100000000, 0x0000000100000000)
  eden space 131072K, 21% used [0x00000000f5580000,0x00000000f707df28,0x00000000fd580000)
  from space 10752K, 99% used [0x00000000fd580000,0x00000000fdff8868,0x00000000fe000000)
  to   space 13824K, 0% used [0x00000000ff280000,0x00000000ff280000,0x0000000100000000)
 ParOldGen       total 175104K, used 10843K [0x00000000e0000000, 0x00000000eab00000, 0x00000000f5580000)
  object space 175104K, 6% used [0x00000000e0000000,0x00000000e0a96e28,0x00000000eab00000)
 Metaspace       used 33648K, capacity 35292K, committed 35456K, reserved 1079296K
  class space    used 4831K, capacity 5179K, committed 5248K, reserved 1048576K
Event: 7.024 GC heap after
Heap after GC invocations=7 (full 1):
 PSYoungGen      total 160768K, used 7108K [0x00000000f5580000, 0x0000000100000000, 0x0000000100000000)
  eden space 146944K, 0% used [0x00000000f5580000,0x00000000f5580000,0x00000000fe500000)
  from space 13824K, 51% used [0x00000000ff280000,0x00000000ff971268,0x0000000100000000)
  to   space 13824K, 0% used [0x00000000fe500000,0x00000000fe500000,0x00000000ff280000)
 ParOldGen       total 175104K, used 10851K [0x00000000e0000000, 0x00000000eab00000, 0x00000000f5580000)
  object space 175104K, 6% used [0x00000000e0000000,0x00000000e0a98e28,0x00000000eab00000)
 Metaspace       used 33648K, capacity 35292K, committed 35456K, reserved 1079296K
  class space    used 4831K, capacity 5179K, committed 5248K, reserved 1048576K
}
Event: 7.024 GC heap before
{Heap before GC invocations=8 (full 2):
 PSYoungGen      total 160768K, used 7108K [0x00000000f5580000, 0x0000000100000000, 0x0000000100000000)
  eden space 146944K, 0% used [0x00000000f5580000,0x00000000f5580000,0x00000000fe500000)
  from space 13824K, 51% used [0x00000000ff280000,0x00000000ff971268,0x0000000100000000)
  to   space 13824K, 0% used [0x00000000fe500000,0x00000000fe500000,0x00000000ff280000)
 ParOldGen       total 175104K, used 10851K [0x00000000e0000000, 0x00000000eab00000, 0x00000000f5580000)
  object space 175104K, 6% used [0x00000000e0000000,0x00000000e0a98e28,0x00000000eab00000)
 Metaspace       used 33648K, capacity 35292K, committed 35456K, reserved 1079296K
  class space    used 4831K, capacity 5179K, committed 5248K, reserved 1048576K
Event: 7.083 GC heap after
Heap after GC invocations=8 (full 2):
 PSYoungGen      total 160768K, used 0K [0x00000000f5580000, 0x0000000100000000, 0x0000000100000000)
  eden space 146944K, 0% used [0x00000000f5580000,0x00000000f5580000,0x00000000fe500000)
  from space 13824K, 0% used [0x00000000ff280000,0x00000000ff280000,0x0000000100000000)
  to   space 13824K, 0% used [0x00000000fe500000,0x00000000fe500000,0x00000000ff280000)
 ParOldGen       total 175104K, used 14438K [0x00000000e0000000, 0x00000000eab00000, 0x00000000f5580000)
  object space 175104K, 8% used [0x00000000e0000000,0x00000000e0e19a80,0x00000000eab00000)
 Metaspace       used 33648K, capacity 35292K, committed 35456K, reserved 1079296K
  class space    used 4831K, capacity 5179K, committed 5248K, reserved 1048576K
}
Event: 8.818 GC heap before
{Heap before GC invocations=9 (full 2):
 PSYoungGen      total 160768K, used 146944K [0x00000000f5580000, 0x0000000100000000, 0x0000000100000000)
  eden space 146944K, 100% used [0x00000000f5580000,0x00000000fe500000,0x00000000fe500000)
  from space 13824K, 0% used [0x00000000ff280000,0x00000000ff280000,0x0000000100000000)
  to   space 13824K, 0% used [0x00000000fe500000,0x00000000fe500000,0x00000000ff280000)
 ParOldGen       total 175104K, used 14438K [0x00000000e0000000, 0x00000000eab00000, 0x00000000f5580000)
  object space 175104K, 8% used [0x00000000e0000000,0x00000000e0e19a80,0x00000000eab00000)
 Metaspace       used 41122K, capacity 43438K, committed 43520K, reserved 1087488K
  class space    used 5902K, capacity 6349K, committed 6400K, reserved 1048576K
Event: 8.837 GC heap after
Heap after GC invocations=9 (full 2):
 PSYoungGen      total 157184K, used 9921K [0x00000000f5580000, 0x00000000fff00000, 0x0000000100000000)
  eden space 146944K, 0% used [0x00000000f5580000,0x00000000f5580000,0x00000000fe500000)
  from space 10240K, 96% used [0x00000000fe500000,0x00000000feeb05f8,0x00000000fef00000)
  to   space 13312K, 0% used [0x00000000ff200000,0x00000000ff200000,0x00000000fff00000)
 ParOldGen       total 175104K, used 14438K [0x00000000e0000000, 0x00000000eab00000, 0x00000000f5580000)
  object space 175104K, 8% used [0x00000000e0000000,0x00000000e0e19a80,0x00000000eab00000)
 Metaspace       used 41122K, capacity 43438K, committed 43520K, reserved 1087488K
  class space    used 5902K, capacity 6349K, committed 6400K, reserved 1048576K
}
Event: 10.737 GC heap before
{Heap before GC invocations=10 (full 2):
 PSYoungGen      total 157184K, used 156865K [0x00000000f5580000, 0x00000000fff00000, 0x0000000100000000)
  eden space 146944K, 100% used [0x00000000f5580000,0x00000000fe500000,0x00000000fe500000)
  from space 10240K, 96% used [0x00000000fe500000,0x00000000feeb05f8,0x00000000fef00000)
  to   space 13312K, 0% used [0x00000000ff200000,0x00000000ff200000,0x00000000fff00000)
 ParOldGen       total 175104K, used 14438K [0x00000000e0000000, 0x00000000eab00000, 0x00000000f5580000)
  object space 175104K, 8% used [0x00000000e0000000,0x00000000e0e19a80,0x00000000eab00000)
 Metaspace       used 47700K, capacity 51258K, committed 51456K, reserved 1093632K
  class space    used 6994K, capacity 7611K, committed 7680K, reserved 1048576K
Event: 10.760 GC heap after
Heap after GC invocations=10 (full 2):
 PSYoungGen      total 157184K, used 13303K [0x00000000f5580000, 0x0000000100000000, 0x0000000100000000)
  eden space 143872K, 0% used [0x00000000f5580000,0x00000000f5580000,0x00000000fe200000)
  from space 13312K, 99% used [0x00000000ff200000,0x00000000ffefdd00,0x00000000fff00000)
  to   space 15360K, 0% used [0x00000000fe200000,0x00000000fe200000,0x00000000ff100000)
 ParOldGen       total 175104K, used 15544K [0x00000000e0000000, 0x00000000eab00000, 0x00000000f5580000)
  object space 175104K, 8% used [0x00000000e0000000,0x00000000e0f2e1e0,0x00000000eab00000)
 Metaspace       used 47700K, capacity 51258K, committed 51456K, reserved 1093632K
  class space    used 6994K, capacity 7611K, committed 7680K, reserved 1048576K
}
Event: 13.395 GC heap before
{Heap before GC invocations=11 (full 2):
 PSYoungGen      total 157184K, used 157175K [0x00000000f5580000, 0x0000000100000000, 0x0000000100000000)
  eden space 143872K, 100% used [0x00000000f5580000,0x00000000fe200000,0x00000000fe200000)
  from space 13312K, 99% used [0x00000000ff200000,0x00000000ffefdd00,0x00000000fff00000)
  to   space 15360K, 0% used [0x00000000fe200000,0x00000000fe200000,0x00000000ff100000)
 ParOldGen       total 175104K, used 15544K [0x00000000e0000000, 0x00000000eab00000, 0x00000000f5580000)
  object space 175104K, 8% used [0x00000000e0000000,0x00000000e0f2e1e0,0x00000000eab00000)
 Metaspace       used 52484K, capacity 57102K, committed 57344K, reserved 1097728K
  class space    used 7651K, capacity 8384K, committed 8448K, reserved 1048576K
Event: 13.427 GC heap after
Heap after GC invocations=11 (full 2):
 PSYoungGen      total 159232K, used 15329K [0x00000000f5580000, 0x0000000100000000, 0x0000000100000000)
  eden space 143872K, 0% used [0x00000000f5580000,0x00000000f5580000,0x00000000fe200000)
  from space 15360K, 99% used [0x00000000fe200000,0x00000000ff0f8708,0x00000000ff100000)
  to   space 15360K, 0% used [0x00000000ff100000,0x00000000ff100000,0x0000000100000000)
 ParOldGen       total 175104K, used 20931K [0x00000000e0000000, 0x00000000eab00000, 0x00000000f5580000)
  object space 175104K, 11% used [0x00000000e0000000,0x00000000e1470fd0,0x00000000eab00000)
 Metaspace       used 52484K, capacity 57102K, committed 57344K, reserved 1097728K
  class space    used 7651K, capacity 8384K, committed 8448K, reserved 1048576K
}

