# JRE version: OpenJDK Runtime Environment (8.0_372-b07) (build 1.8.0_372-b07)
# Java VM: OpenJDK 64-Bit Server VM (25.372-b07 mixed mode windows-amd64 compressed oops)
Heap:
 PSYoungGen      total 149504K, used 137216K [0x00000000f5580000, 0x00000000ffd80000, 0x0000000100000000)
  eden space 137216K, 100% used [0x00000000f5580000,0x00000000fdb80000,0x00000000fdb80000)
  from space 12288K, 0% used [0x00000000fdf00000,0x00000000fdf00000,0x00000000feb00000)
  to   space 17408K, 44% used [0x00000000fec80000,0x00000000ff414010,0x00000000ffd80000)
 ParOldGen       total 191488K, used 19341K [0x00000000e0000000, 0x00000000ebb00000, 0x00000000f5580000)
  object space 191488K, 10% used [0x00000000e0000000,0x00000000e12e36b0,0x00000000ebb00000)
 Metaspace       used 54534K, capacity 59624K, committed 59864K, reserved 1099776K
  class space    used 7835K, capacity 8663K, committed 8704K, reserved 1048576K
GC Heap History (10 events):
Event: 21.885 GC heap after
Heap after GC invocations=10 (full 2):
 PSYoungGen      total 161792K, used 8188K [0x00000000f5580000, 0x00000000fff80000, 0x0000000100000000)
  eden space 150016K, 0% used [0x00000000f5580000,0x00000000f5580000,0x00000000fe800000)
  from space 11776K, 69% used [0x00000000ff380000,0x00000000ffb7f020,0x00000000fff00000)
  to   space 11776K, 0% used [0x00000000fe800000,0x00000000fe800000,0x00000000ff380000)
 ParOldGen       total 175104K, used 14191K [0x00000000e0000000, 0x00000000eab00000, 0x00000000f5580000)
  object space 175104K, 8% used [0x00000000e0000000,0x00000000e0ddbe90,0x00000000eab00000)
 Metaspace       used 39777K, capacity 41962K, committed 42240K, reserved 1085440K
  class space    used 5711K, capacity 6109K, committed 6144K, reserved 1048576K
}
Event: 25.401 GC heap before
{Heap before GC invocations=11 (full 2):
 PSYoungGen      total 161792K, used 158204K [0x00000000f5580000, 0x00000000fff80000, 0x0000000100000000)
  eden space 150016K, 100% used [0x00000000f5580000,0x00000000fe800000,0x00000000fe800000)
  from space 11776K, 69% used [0x00000000ff380000,0x00000000ffb7f020,0x00000000fff00000)
  to   space 11776K, 0% used [0x00000000fe800000,0x00000000fe800000,0x00000000ff380000)
 ParOldGen       total 175104K, used 14191K [0x00000000e0000000, 0x00000000eab00000, 0x00000000f5580000)
  object space 175104K, 8% used [0x00000000e0000000,0x00000000e0ddbe90,0x00000000eab00000)
 Metaspace       used 47138K, capacity 50538K, committed 50816K, reserved 1093632K
  class space    used 6884K, capacity 7444K, committed 7552K, reserved 1048576K
Event: 25.427 GC heap after
Heap after GC invocations=11 (full 2):
 PSYoungGen      total 161792K, used 11775K [0x00000000f5580000, 0x0000000100000000, 0x0000000100000000)
  eden space 150016K, 0% used [0x00000000f5580000,0x00000000f5580000,0x00000000fe800000)
  from space 11776K, 99% used [0x00000000fe800000,0x00000000ff37fea0,0x00000000ff380000)
  to   space 12800K, 0% used [0x00000000ff380000,0x00000000ff380000,0x0000000100000000)
 ParOldGen       total 175104K, used 15897K [0x00000000e0000000, 0x00000000eab00000, 0x00000000f5580000)
  object space 175104K, 9% used [0x00000000e0000000,0x00000000e0f86630,0x00000000eab00000)
 Metaspace       used 47138K, capacity 50538K, committed 50816K, reserved 1093632K
  class space    used 6884K, capacity 7444K, committed 7552K, reserved 1048576K
}
Event: 29.554 GC heap before
{Heap before GC invocations=12 (full 2):
 PSYoungGen      total 161792K, used 161791K [0x00000000f5580000, 0x0000000100000000, 0x0000000100000000)
  eden space 150016K, 100% used [0x00000000f5580000,0x00000000fe800000,0x00000000fe800000)
  from space 11776K, 99% used [0x00000000fe800000,0x00000000ff37fea0,0x00000000ff380000)
  to   space 12800K, 0% used [0x00000000ff380000,0x00000000ff380000,0x0000000100000000)
 ParOldGen       total 175104K, used 15897K [0x00000000e0000000, 0x00000000eab00000, 0x00000000f5580000)
  object space 175104K, 9% used [0x00000000e0000000,0x00000000e0f86630,0x00000000eab00000)
 Metaspace       used 52208K, capacity 56838K, committed 57088K, reserved 1097728K
  class space    used 7623K, capacity 8334K, committed 8448K, reserved 1048576K
Event: 29.583 GC heap after
Heap after GC invocations=12 (full 2):
 PSYoungGen      total 153600K, used 12785K [0x00000000f5580000, 0x0000000100000000, 0x0000000100000000)
  eden space 140800K, 0% used [0x00000000f5580000,0x00000000f5580000,0x00000000fdf00000)
  from space 12800K, 99% used [0x00000000ff380000,0x00000000ffffc718,0x0000000100000000)
  to   space 16896K, 0% used [0x00000000fdf00000,0x00000000fdf00000,0x00000000fef80000)
 ParOldGen       total 175104K, used 22469K [0x00000000e0000000, 0x00000000eab00000, 0x00000000f5580000)
  object space 175104K, 12% used [0x00000000e0000000,0x00000000e15f1660,0x00000000eab00000)
 Metaspace       used 52208K, capacity 56838K, committed 57088K, reserved 1097728K
  class space    used 7623K, capacity 8334K, committed 8448K, reserved 1048576K
}
Event: 1055.165 GC heap before
{Heap before GC invocations=13 (full 2):
 PSYoungGen      total 153600K, used 134076K [0x00000000f5580000, 0x0000000100000000, 0x0000000100000000)
  eden space 140800K, 86% used [0x00000000f5580000,0x00000000fcbf2970,0x00000000fdf00000)
  from space 12800K, 99% used [0x00000000ff380000,0x00000000ffffc718,0x0000000100000000)
  to   space 16896K, 0% used [0x00000000fdf00000,0x00000000fdf00000,0x00000000fef80000)
 ParOldGen       total 175104K, used 22469K [0x00000000e0000000, 0x00000000eab00000, 0x00000000f5580000)
  object space 175104K, 12% used [0x00000000e0000000,0x00000000e15f1660,0x00000000eab00000)
 Metaspace       used 54019K, capacity 58998K, committed 59096K, reserved 1099776K
  class space    used 7822K, capacity 8630K, committed 8704K, reserved 1048576K
Event: 1055.870 GC heap after
Heap after GC invocations=13 (full 2):
 PSYoungGen      total 149504K, used 12248K [0x00000000f5580000, 0x00000000ffd80000, 0x0000000100000000)
  eden space 137216K, 0% used [0x00000000f5580000,0x00000000f5580000,0x00000000fdb80000)
  from space 12288K, 99% used [0x00000000fdf00000,0x00000000feaf6030,0x00000000feb00000)
  to   space 17408K, 0% used [0x00000000fec80000,0x00000000fec80000,0x00000000ffd80000)
 ParOldGen       total 175104K, used 25606K [0x00000000e0000000, 0x00000000eab00000, 0x00000000f5580000)
  object space 175104K, 14% used [0x00000000e0000000,0x00000000e1901bd8,0x00000000eab00000)
 Metaspace       used 54019K, capacity 58998K, committed 59096K, reserved 1099776K
  class space    used 7822K, capacity 8630K, committed 8704K, reserved 1048576K
}
Event: 1055.870 GC heap before
{Heap before GC invocations=14 (full 3):
 PSYoungGen      total 149504K, used 12248K [0x00000000f5580000, 0x00000000ffd80000, 0x0000000100000000)
  eden space 137216K, 0% used [0x00000000f5580000,0x00000000f5580000,0x00000000fdb80000)
  from space 12288K, 99% used [0x00000000fdf00000,0x00000000feaf6030,0x00000000feb00000)
  to   space 17408K, 0% used [0x00000000fec80000,0x00000000fec80000,0x00000000ffd80000)
 ParOldGen       total 175104K, used 25606K [0x00000000e0000000, 0x00000000eab00000, 0x00000000f5580000)
  object space 175104K, 14% used [0x00000000e0000000,0x00000000e1901bd8,0x00000000eab00000)
 Metaspace       used 54019K, capacity 58998K, committed 59096K, reserved 1099776K
  class space    used 7822K, capacity 8630K, committed 8704K, reserved 1048576K
Event: 1059.056 GC heap after
Heap after GC invocations=14 (full 3):
 PSYoungGen      total 149504K, used 0K [0x00000000f5580000, 0x00000000ffd80000, 0x0000000100000000)
  eden space 137216K, 0% used [0x00000000f5580000,0x00000000f5580000,0x00000000fdb80000)
  from space 12288K, 0% used [0x00000000fdf00000,0x00000000fdf00000,0x00000000feb00000)
  to   space 17408K, 0% used [0x00000000fec80000,0x00000000fec80000,0x00000000ffd80000)
 ParOldGen       total 191488K, used 19333K [0x00000000e0000000, 0x00000000ebb00000, 0x00000000f5580000)
  object space 191488K, 10% used [0x00000000e0000000,0x00000000e12e16b0,0x00000000ebb00000)
 Metaspace       used 53768K, capacity 58492K, committed 59096K, reserved 1099776K
  class space    used 7758K, capacity 8515K, committed 8704K, reserved 1048576K
}
Event: 1481.212 GC heap before
{Heap before GC invocations=15 (full 3):
 PSYoungGen      total 149504K, used 137216K [0x00000000f5580000, 0x00000000ffd80000, 0x0000000100000000)
  eden space 137216K, 100% used [0x00000000f5580000,0x00000000fdb80000,0x00000000fdb80000)
  from space 12288K, 0% used [0x00000000fdf00000,0x00000000fdf00000,0x00000000feb00000)
  to   space 17408K, 0% used [0x00000000fec80000,0x00000000fec80000,0x00000000ffd80000)
 ParOldGen       total 191488K, used 19333K [0x00000000e0000000, 0x00000000ebb00000, 0x00000000f5580000)
  object space 191488K, 10% used [0x00000000e0000000,0x00000000e12e16b0,0x00000000ebb00000)
 Metaspace       used 54534K, capacity 59624K, committed 59864K, reserved 1099776K
  class space    used 7835K, capacity 8663K, committed 8704K, reserved 1048576K

